TN:
SF:/Users/vvenkatachari/Documents/code/my-space/my-social/src/polyfills.ts
FNF:0
FNH:0
LF:0
LH:0
BRF:0
BRH:0
end_of_record
TN:
SF:/Users/vvenkatachari/Documents/code/my-space/my-social/src/test.ts
FNF:0
FNH:0
DA:13,1
DA:18,1
DA:20,1
LF:3
LH:3
BRF:0
BRH:0
end_of_record
TN:
SF:/Users/vvenkatachari/Documents/code/my-space/my-social/src/app/app-routing.module.ts
FN:20,(anonymous_0)
FNF:1
FNH:1
FNDA:16,(anonymous_0)
DA:9,1
DA:20,1
LF:2
LH:2
BRF:0
BRH:0
end_of_record
TN:
SF:/Users/vvenkatachari/Documents/code/my-space/my-social/src/app/app.component.ts
FN:8,(anonymous_0)
FN:3,AppComponent
FNF:2
FNH:2
FNDA:1,(anonymous_0)
FNDA:1,AppComponent
DA:8,1
DA:9,1
DA:10,1
LF:3
LH:3
BRF:0
BRH:0
end_of_record
TN:
SF:/Users/vvenkatachari/Documents/code/my-space/my-social/src/app/app.module.ts
FN:72,(anonymous_0)
FNF:1
FNH:1
FNDA:16,(anonymous_0)
DA:72,1
LF:1
LH:1
BRF:0
BRH:0
end_of_record
TN:
SF:/Users/vvenkatachari/Documents/code/my-space/my-social/src/app/add-user/add-user.component.ts
FN:13,(anonymous_0)
FN:20,AddUserComponent
FN:24,(anonymous_2)
FN:33,(anonymous_3)
FN:48,(anonymous_4)
FN:58,(anonymous_5)
FN:61,(anonymous_6)
FN:72,(anonymous_7)
FN:76,(anonymous_8)
FNF:9
FNH:8
FNDA:1,(anonymous_0)
FNDA:4,AddUserComponent
FNDA:4,(anonymous_2)
FNDA:7,(anonymous_3)
FNDA:2,(anonymous_4)
FNDA:1,(anonymous_5)
FNDA:0,(anonymous_6)
FNDA:4,(anonymous_7)
FNDA:4,(anonymous_8)
DA:13,1
DA:18,4
DA:20,4
DA:21,4
DA:22,4
DA:24,1
DA:25,4
DA:33,1
DA:34,7
DA:41,7
DA:42,2
DA:44,7
DA:48,2
DA:49,2
DA:50,2
DA:54,2
DA:55,1
DA:56,1
DA:58,1
DA:59,1
DA:60,1
DA:62,0
DA:65,0
DA:66,0
DA:72,1
DA:73,4
DA:76,1
DA:77,4
DA:78,1
DA:82,1
LF:30
LH:27
BRDA:41,0,0,2
BRDA:41,0,1,5
BRDA:54,1,0,1
BRDA:54,1,1,1
BRDA:62,2,0,0
BRDA:62,2,1,0
BRDA:73,3,0,2
BRDA:73,3,1,2
BRDA:77,4,0,1
BRDA:77,4,1,3
BRF:10
BRH:8
end_of_record
TN:
SF:/Users/vvenkatachari/Documents/code/my-space/my-social/src/app/dashboard/dashboard.component.ts
FN:8,(anonymous_0)
FN:10,DashboardComponent
FN:12,(anonymous_2)
FNF:3
FNH:3
FNDA:1,(anonymous_0)
FNDA:1,DashboardComponent
FNDA:1,(anonymous_2)
DA:8,1
DA:12,1
DA:15,1
LF:3
LH:3
BRF:0
BRH:0
end_of_record
TN:
SF:/Users/vvenkatachari/Documents/code/my-space/my-social/src/app/friend-graph/friend-graph.component.ts
FN:10,(anonymous_0)
FN:15,FriendGraphComponent
FN:17,(anonymous_2)
FN:21,(anonymous_3)
FN:23,(anonymous_4)
FN:27,(anonymous_5)
FN:34,(anonymous_6)
FNF:7
FNH:7
FNDA:1,(anonymous_0)
FNDA:4,FriendGraphComponent
FNDA:5,(anonymous_2)
FNDA:5,(anonymous_3)
FNDA:1,(anonymous_4)
FNDA:4,(anonymous_5)
FNDA:5,(anonymous_6)
DA:10,1
DA:12,4
DA:13,4
DA:15,4
DA:17,1
DA:18,5
DA:21,5
DA:22,5
DA:23,1
DA:24,1
DA:27,4
DA:28,4
DA:34,1
DA:35,5
DA:36,5
DA:37,5
DA:38,5
DA:39,8
DA:40,8
DA:44,8
DA:46,8
DA:47,8
DA:48,8
DA:49,8
DA:50,8
DA:51,8
DA:52,4
DA:56,4
DA:60,5
DA:61,5
DA:67,1
LF:31
LH:31
BRDA:22,0,0,1
BRDA:22,0,1,4
BRDA:51,1,0,4
BRDA:51,1,1,4
BRDA:51,2,0,8
BRDA:51,2,1,8
BRDA:51,2,2,4
BRF:7
BRH:7
end_of_record
TN:
SF:/Users/vvenkatachari/Documents/code/my-space/my-social/src/app/models/user.ts
FN:1,(anonymous_0)
FN:8,User
FNF:2
FNH:2
FNDA:1,(anonymous_0)
FNDA:34,User
DA:1,1
DA:8,42
DA:9,34
DA:12,1
LF:4
LH:4
BRDA:8,0,0,8
BRDA:8,0,1,26
BRF:2
BRH:2
end_of_record
TN:
SF:/Users/vvenkatachari/Documents/code/my-space/my-social/src/app/my-nav/my-nav.component.ts
FN:8,(anonymous_0)
FN:10,MyNavComponent
FNF:2
FNH:2
FNDA:1,(anonymous_0)
FNDA:2,MyNavComponent
DA:8,1
DA:12,1
LF:2
LH:2
BRF:0
BRH:0
end_of_record
TN:
SF:/Users/vvenkatachari/Documents/code/my-space/my-social/src/app/service/user.service.ts
FN:8,(anonymous_0)
FN:14,UserService
FN:17,(anonymous_2)
FN:18,(anonymous_3)
FN:32,(anonymous_4)
FN:33,(anonymous_5)
FN:40,(anonymous_6)
FN:44,(anonymous_7)
FN:48,(anonymous_8)
FN:52,(anonymous_9)
FN:56,(anonymous_10)
FNF:11
FNH:11
FNDA:1,(anonymous_0)
FNDA:17,UserService
FNDA:4,(anonymous_2)
FNDA:4,(anonymous_3)
FNDA:3,(anonymous_4)
FNDA:4,(anonymous_5)
FNDA:1,(anonymous_6)
FNDA:1,(anonymous_7)
FNDA:2,(anonymous_8)
FNDA:4,(anonymous_9)
FNDA:3,(anonymous_10)
DA:8,1
DA:10,17
DA:11,17
DA:12,17
DA:17,4
DA:18,4
DA:19,4
DA:20,1
DA:21,1
DA:23,3
DA:24,3
DA:25,3
DA:26,3
DA:27,3
DA:28,3
DA:32,1
DA:33,3
DA:34,4
DA:35,1
DA:40,1
DA:41,1
DA:44,1
DA:45,1
DA:48,1
DA:49,2
DA:52,1
DA:53,4
DA:56,1
DA:57,3
DA:59,1
LF:30
LH:30
BRDA:19,0,0,1
BRDA:19,0,1,3
BRDA:34,1,0,1
BRDA:34,1,1,3
BRDA:34,2,0,4
BRDA:34,2,1,4
BRF:6
BRH:6
end_of_record
TN:
SF:/Users/vvenkatachari/Documents/code/my-space/my-social/src/app/user-list/user-list.component.ts
FN:13,(anonymous_0)
FN:22,UserListComponent
FN:24,(anonymous_2)
FN:25,(anonymous_3)
FN:33,(anonymous_4)
FN:41,(anonymous_5)
FN:45,(anonymous_6)
FN:51,(anonymous_7)
FNF:8
FNH:7
FNDA:1,(anonymous_0)
FNDA:6,UserListComponent
FNDA:7,(anonymous_2)
FNDA:7,(anonymous_3)
FNDA:0,(anonymous_4)
FNDA:21,(anonymous_5)
FNDA:7,(anonymous_6)
FNDA:5,(anonymous_7)
DA:13,1
DA:15,6
DA:19,1
DA:20,1
DA:22,6
DA:24,7
DA:25,7
DA:26,7
DA:27,7
DA:28,7
DA:29,7
DA:33,1
DA:34,0
DA:35,0
DA:36,0
DA:38,0
DA:41,1
DA:42,21
DA:45,1
DA:46,7
DA:47,1
DA:51,1
DA:52,5
DA:53,5
DA:57,1
LF:25
LH:21
BRDA:35,0,0,0
BRDA:35,0,1,0
BRDA:46,1,0,1
BRDA:46,1,1,6
BRDA:52,2,0,5
BRDA:52,2,1,0
BRF:6
BRH:3
end_of_record
